# JRE version: Java(TM) SE Runtime Environment (17.0.1+12) (build 17.0.1+12-LTS-39)
# Java VM: Java HotSpot(TM) 64-Bit Server VM (17.0.1+12-LTS-39, mixed mode, emulated-client, sharing, tiered, compressed oops, compressed class ptrs, g1 gc, windows-amd64)
GC Precious Log:
 CPUs: 4 total, 4 available
 Memory: 3968M
 Large Page Support: Disabled
 NUMA Support: Disabled
 Compressed Oops: Enabled (32-bit)
 Heap Region Size: 1M
 Heap Min Capacity: 8M
 Heap Initial Capacity: 64M
 Heap Max Capacity: 994M
 Pre-touch: Disabled
 Parallel Workers: 4
 Concurrent Workers: 1
 Concurrent Refinement Workers: 4
 Periodic GC: Disabled
Heap:
 garbage-first heap   total 119808K, used 58487K [0x00000000c1e00000, 0x0000000100000000)
  region size 1024K, 1 young (1024K), 1 survivors (1024K)
 Metaspace       used 69359K, committed 69760K, reserved 1114112K
  class space    used 9796K, committed 9984K, reserved 1048576K
GC Heap History (20 events):
Event: 18.617 GC heap after
{Heap after GC invocations=27 (full 0):
 garbage-first heap   total 79872K, used 34820K [0x00000000c1e00000, 0x0000000100000000)
  region size 1024K, 5 young (5120K), 5 survivors (5120K)
 Metaspace       used 66189K, committed 66624K, reserved 1105920K
  class space    used 9403K, committed 9600K, reserved 1048576K
}
Event: 19.499 GC heap before
{Heap before GC invocations=27 (full 0):
 garbage-first heap   total 79872K, used 65540K [0x00000000c1e00000, 0x0000000100000000)
  region size 1024K, 35 young (35840K), 5 survivors (5120K)
 Metaspace       used 69084K, committed 69504K, reserved 1114112K
  class space    used 9765K, committed 9984K, reserved 1048576K
}
Event: 19.509 GC heap after
{Heap after GC invocations=28 (full 0):
 garbage-first heap   total 79872K, used 36817K [0x00000000c1e00000, 0x0000000100000000)
  region size 1024K, 5 young (5120K), 5 survivors (5120K)
 Metaspace       used 69084K, committed 69504K, reserved 1114112K
  class space    used 9765K, committed 9984K, reserved 1048576K
}
Event: 19.683 GC heap before
{Heap before GC invocations=28 (full 0):
 garbage-first heap   total 79872K, used 65489K [0x00000000c1e00000, 0x0000000100000000)
  region size 1024K, 33 young (33792K), 5 survivors (5120K)
 Metaspace       used 69239K, committed 69632K, reserved 1114112K
  class space    used 9779K, committed 9984K, reserved 1048576K
}
Event: 19.695 GC heap after
{Heap after GC invocations=29 (full 0):
 garbage-first heap   total 79872K, used 42837K [0x00000000c1e00000, 0x0000000100000000)
  region size 1024K, 5 young (5120K), 5 survivors (5120K)
 Metaspace       used 69239K, committed 69632K, reserved 1114112K
  class space    used 9779K, committed 9984K, reserved 1048576K
}
Event: 19.878 GC heap before
{Heap before GC invocations=29 (full 0):
 garbage-first heap   total 79872K, used 58197K [0x00000000c1e00000, 0x0000000100000000)
  region size 1024K, 21 young (21504K), 5 survivors (5120K)
 Metaspace       used 69328K, committed 69760K, reserved 1114112K
  class space    used 9791K, committed 9984K, reserved 1048576K
}
Event: 19.891 GC heap after
{Heap after GC invocations=30 (full 0):
 garbage-first heap   total 79872K, used 48024K [0x00000000c1e00000, 0x0000000100000000)
  region size 1024K, 4 young (4096K), 4 survivors (4096K)
 Metaspace       used 69328K, committed 69760K, reserved 1114112K
  class space    used 9791K, committed 9984K, reserved 1048576K
}
Event: 19.959 GC heap before
{Heap before GC invocations=30 (full 0):
 garbage-first heap   total 79872K, used 62360K [0x00000000c1e00000, 0x0000000100000000)
  region size 1024K, 18 young (18432K), 4 survivors (4096K)
 Metaspace       used 69328K, committed 69760K, reserved 1114112K
  class space    used 9791K, committed 9984K, reserved 1048576K
}
Event: 19.966 GC heap after
{Heap after GC invocations=31 (full 0):
 garbage-first heap   total 113664K, used 51709K [0x00000000c1e00000, 0x0000000100000000)
  region size 1024K, 3 young (3072K), 3 survivors (3072K)
 Metaspace       used 69328K, committed 69760K, reserved 1114112K
  class space    used 9791K, committed 9984K, reserved 1048576K
}
Event: 20.218 GC heap before
{Heap before GC invocations=32 (full 0):
 garbage-first heap   total 119808K, used 84477K [0x00000000c1e00000, 0x0000000100000000)
  region size 1024K, 35 young (35840K), 3 survivors (3072K)
 Metaspace       used 69318K, committed 69760K, reserved 1114112K
  class space    used 9789K, committed 9984K, reserved 1048576K
}
Event: 20.232 GC heap after
{Heap after GC invocations=33 (full 0):
 garbage-first heap   total 119808K, used 62049K [0x00000000c1e00000, 0x0000000100000000)
  region size 1024K, 5 young (5120K), 5 survivors (5120K)
 Metaspace       used 69318K, committed 69760K, reserved 1114112K
  class space    used 9789K, committed 9984K, reserved 1048576K
}
Event: 20.236 GC heap before
{Heap before GC invocations=33 (full 0):
 garbage-first heap   total 119808K, used 63073K [0x00000000c1e00000, 0x0000000100000000)
  region size 1024K, 6 young (6144K), 5 survivors (5120K)
 Metaspace       used 69318K, committed 69760K, reserved 1114112K
  class space    used 9789K, committed 9984K, reserved 1048576K
}
Event: 20.244 GC heap after
{Heap after GC invocations=34 (full 0):
 garbage-first heap   total 119808K, used 63404K [0x00000000c1e00000, 0x0000000100000000)
  region size 1024K, 1 young (1024K), 1 survivors (1024K)
 Metaspace       used 69318K, committed 69760K, reserved 1114112K
  class space    used 9789K, committed 9984K, reserved 1048576K
}
Event: 20.342 GC heap before
{Heap before GC invocations=34 (full 0):
 garbage-first heap   total 119808K, used 89004K [0x00000000c1e00000, 0x0000000100000000)
  region size 1024K, 27 young (27648K), 1 survivors (1024K)
 Metaspace       used 69318K, committed 69760K, reserved 1114112K
  class space    used 9789K, committed 9984K, reserved 1048576K
}
Event: 20.349 GC heap after
{Heap after GC invocations=35 (full 0):
 garbage-first heap   total 119808K, used 69442K [0x00000000c1e00000, 0x0000000100000000)
  region size 1024K, 4 young (4096K), 4 survivors (4096K)
 Metaspace       used 69318K, committed 69760K, reserved 1114112K
  class space    used 9789K, committed 9984K, reserved 1048576K
}
Event: 20.542 GC heap before
{Heap before GC invocations=36 (full 0):
 garbage-first heap   total 119808K, used 84802K [0x00000000c1e00000, 0x0000000100000000)
  region size 1024K, 26 young (26624K), 4 survivors (4096K)
 Metaspace       used 69359K, committed 69760K, reserved 1114112K
  class space    used 9796K, committed 9984K, reserved 1048576K
}
Event: 20.553 GC heap after
{Heap after GC invocations=37 (full 0):
 garbage-first heap   total 119808K, used 68762K [0x00000000c1e00000, 0x0000000100000000)
  region size 1024K, 4 young (4096K), 4 survivors (4096K)
 Metaspace       used 69359K, committed 69760K, reserved 1114112K
  class space    used 9796K, committed 9984K, reserved 1048576K
}
Event: 20.555 GC heap before
{Heap before GC invocations=37 (full 0):
 garbage-first heap   total 119808K, used 69786K [0x00000000c1e00000, 0x0000000100000000)
  region size 1024K, 5 young (5120K), 4 survivors (4096K)
 Metaspace       used 69359K, committed 69760K, reserved 1114112K
  class space    used 9796K, committed 9984K, reserved 1048576K
}
Event: 20.562 GC heap after
{Heap after GC invocations=38 (full 0):
 garbage-first heap   total 119808K, used 58847K [0x00000000c1e00000, 0x0000000100000000)
  region size 1024K, 1 young (1024K), 1 survivors (1024K)
 Metaspace       used 69359K, committed 69760K, reserved 1114112K
  class space    used 9796K, committed 9984K, reserved 1048576K
}
Event: 20.570 GC heap before
{Heap before GC invocations=38 (full 0):
 garbage-first heap   total 119808K, used 62943K [0x00000000c1e00000, 0x0000000100000000)
  region size 1024K, 5 young (5120K), 1 survivors (1024K)
 Metaspace       used 69359K, committed 69760K, reserved 1114112K
  class space    used 9796K, committed 9984K, reserved 1048576K
}

