# JRE version: Java(TM) SE Runtime Environment (17.0.1+12) (build 17.0.1+12-LTS-39)
# Java VM: Java HotSpot(TM) 64-Bit Server VM (17.0.1+12-LTS-39, mixed mode, emulated-client, sharing, tiered, compressed oops, compressed class ptrs, g1 gc, windows-amd64)
GC Precious Log:
 CPUs: 4 total, 4 available
 Memory: 3968M
 Large Page Support: Disabled
 NUMA Support: Disabled
 Compressed Oops: Enabled (32-bit)
 Heap Region Size: 1M
 Heap Min Capacity: 8M
 Heap Initial Capacity: 64M
 Heap Max Capacity: 994M
 Pre-touch: Disabled
 Parallel Workers: 4
 Concurrent Workers: 1
 Concurrent Refinement Workers: 4
 Periodic GC: Disabled
Heap:
 garbage-first heap   total 132096K, used 80350K [0x00000000c1e00000, 0x0000000100000000)
  region size 1024K, 1 young (1024K), 1 survivors (1024K)
 Metaspace       used 69201K, committed 69632K, reserved 1114112K
  class space    used 9780K, committed 9984K, reserved 1048576K
GC Heap History (20 events):
Event: 19.839 GC heap after
{Heap after GC invocations=22 (full 0):
 garbage-first heap   total 93184K, used 35522K [0x00000000c1e00000, 0x0000000100000000)
  region size 1024K, 2 young (2048K), 2 survivors (2048K)
 Metaspace       used 60074K, committed 60416K, reserved 1105920K
  class space    used 8568K, committed 8768K, reserved 1048576K
}
Event: 20.862 GC heap before
{Heap before GC invocations=23 (full 0):
 garbage-first heap   total 93184K, used 76482K [0x00000000c1e00000, 0x0000000100000000)
  region size 1024K, 42 young (43008K), 2 survivors (2048K)
 Metaspace       used 65371K, committed 65792K, reserved 1105920K
  class space    used 9266K, committed 9472K, reserved 1048576K
}
Event: 20.872 GC heap after
{Heap after GC invocations=24 (full 0):
 garbage-first heap   total 93184K, used 37801K [0x00000000c1e00000, 0x0000000100000000)
  region size 1024K, 4 young (4096K), 4 survivors (4096K)
 Metaspace       used 65371K, committed 65792K, reserved 1105920K
  class space    used 9266K, committed 9472K, reserved 1048576K
}
Event: 22.544 GC heap before
{Heap before GC invocations=25 (full 0):
 garbage-first heap   total 93184K, used 76713K [0x00000000c1e00000, 0x0000000100000000)
  region size 1024K, 41 young (41984K), 4 survivors (4096K)
 Metaspace       used 69081K, committed 69504K, reserved 1114112K
  class space    used 9763K, committed 9984K, reserved 1048576K
}
Event: 22.559 GC heap after
{Heap after GC invocations=26 (full 0):
 garbage-first heap   total 93184K, used 41631K [0x00000000c1e00000, 0x0000000100000000)
  region size 1024K, 6 young (6144K), 6 survivors (6144K)
 Metaspace       used 69081K, committed 69504K, reserved 1114112K
  class space    used 9763K, committed 9984K, reserved 1048576K
}
Event: 22.890 GC heap before
{Heap before GC invocations=26 (full 0):
 garbage-first heap   total 93184K, used 74399K [0x00000000c1e00000, 0x0000000100000000)
  region size 1024K, 39 young (39936K), 6 survivors (6144K)
 Metaspace       used 69081K, committed 69504K, reserved 1114112K
  class space    used 9763K, committed 9984K, reserved 1048576K
}
Event: 22.913 GC heap after
{Heap after GC invocations=27 (full 0):
 garbage-first heap   total 93184K, used 48089K [0x00000000c1e00000, 0x0000000100000000)
  region size 1024K, 5 young (5120K), 5 survivors (5120K)
 Metaspace       used 69081K, committed 69504K, reserved 1114112K
  class space    used 9763K, committed 9984K, reserved 1048576K
}
Event: 22.925 GC heap before
{Heap before GC invocations=27 (full 0):
 garbage-first heap   total 93184K, used 49113K [0x00000000c1e00000, 0x0000000100000000)
  region size 1024K, 7 young (7168K), 5 survivors (5120K)
 Metaspace       used 69081K, committed 69504K, reserved 1114112K
  class space    used 9763K, committed 9984K, reserved 1048576K
}
Event: 22.935 GC heap after
{Heap after GC invocations=28 (full 0):
 garbage-first heap   total 93184K, used 49017K [0x00000000c1e00000, 0x0000000100000000)
  region size 1024K, 1 young (1024K), 1 survivors (1024K)
 Metaspace       used 69081K, committed 69504K, reserved 1114112K
  class space    used 9763K, committed 9984K, reserved 1048576K
}
Event: 23.278 GC heap before
{Heap before GC invocations=29 (full 0):
 garbage-first heap   total 106496K, used 62329K [0x00000000c1e00000, 0x0000000100000000)
  region size 1024K, 15 young (15360K), 1 survivors (1024K)
 Metaspace       used 69159K, committed 69568K, reserved 1114112K
  class space    used 9773K, committed 9984K, reserved 1048576K
}
Event: 23.287 GC heap after
{Heap after GC invocations=30 (full 0):
 garbage-first heap   total 128000K, used 54573K [0x00000000c1e00000, 0x0000000100000000)
  region size 1024K, 3 young (3072K), 3 survivors (3072K)
 Metaspace       used 69159K, committed 69568K, reserved 1114112K
  class space    used 9773K, committed 9984K, reserved 1048576K
}
Event: 23.453 GC heap before
{Heap before GC invocations=30 (full 0):
 garbage-first heap   total 128000K, used 94509K [0x00000000c1e00000, 0x0000000100000000)
  region size 1024K, 41 young (41984K), 3 survivors (3072K)
 Metaspace       used 69159K, committed 69568K, reserved 1114112K
  class space    used 9773K, committed 9984K, reserved 1048576K
}
Event: 23.465 GC heap after
{Heap after GC invocations=31 (full 0):
 garbage-first heap   total 128000K, used 63420K [0x00000000c1e00000, 0x0000000100000000)
  region size 1024K, 6 young (6144K), 6 survivors (6144K)
 Metaspace       used 69159K, committed 69568K, reserved 1114112K
  class space    used 9773K, committed 9984K, reserved 1048576K
}
Event: 23.586 GC heap before
{Heap before GC invocations=31 (full 0):
 garbage-first heap   total 128000K, used 73660K [0x00000000c1e00000, 0x0000000100000000)
  region size 1024K, 17 young (17408K), 6 survivors (6144K)
 Metaspace       used 69159K, committed 69568K, reserved 1114112K
  class space    used 9773K, committed 9984K, reserved 1048576K
}
Event: 23.599 GC heap after
{Heap after GC invocations=32 (full 0):
 garbage-first heap   total 128000K, used 68720K [0x00000000c1e00000, 0x0000000100000000)
  region size 1024K, 5 young (5120K), 5 survivors (5120K)
 Metaspace       used 69159K, committed 69568K, reserved 1114112K
  class space    used 9773K, committed 9984K, reserved 1048576K
}
Event: 23.767 GC heap before
{Heap before GC invocations=32 (full 0):
 garbage-first heap   total 128000K, used 92272K [0x00000000c1e00000, 0x0000000100000000)
  region size 1024K, 28 young (28672K), 5 survivors (5120K)
 Metaspace       used 69159K, committed 69568K, reserved 1114112K
  class space    used 9773K, committed 9984K, reserved 1048576K
}
Event: 23.779 GC heap after
{Heap after GC invocations=33 (full 0):
 garbage-first heap   total 128000K, used 73049K [0x00000000c1e00000, 0x0000000100000000)
  region size 1024K, 4 young (4096K), 4 survivors (4096K)
 Metaspace       used 69159K, committed 69568K, reserved 1114112K
  class space    used 9773K, committed 9984K, reserved 1048576K
}
Event: 23.926 GC heap before
{Heap before GC invocations=34 (full 0):
 garbage-first heap   total 132096K, used 95577K [0x00000000c1e00000, 0x0000000100000000)
  region size 1024K, 26 young (26624K), 4 survivors (4096K)
 Metaspace       used 69160K, committed 69568K, reserved 1114112K
  class space    used 9773K, committed 9984K, reserved 1048576K
}
Event: 23.943 GC heap after
{Heap after GC invocations=35 (full 0):
 garbage-first heap   total 132096K, used 80721K [0x00000000c1e00000, 0x0000000100000000)
  region size 1024K, 4 young (4096K), 4 survivors (4096K)
 Metaspace       used 69160K, committed 69568K, reserved 1114112K
  class space    used 9773K, committed 9984K, reserved 1048576K
}
Event: 24.096 GC heap before
{Heap before GC invocations=35 (full 0):
 garbage-first heap   total 132096K, used 81745K [0x00000000c1e00000, 0x0000000100000000)
  region size 1024K, 6 young (6144K), 4 survivors (4096K)
 Metaspace       used 69201K, committed 69632K, reserved 1114112K
  class space    used 9780K, committed 9984K, reserved 1048576K
}

